

Microchip MPLAB XC8 Assembler V2.35 build 20211206165544 
                                                                                               Fri Aug 18 09:48:29 2023

Microchip MPLAB XC8 C Compiler v2.35 (Free license) build 20211206165544 Og1 
     1                           	processor	16F1937
     2                           	pagewidth 120
     3                           	opt	flic
     4                           	psect	cinit,global,class=CODE,merge=1,delta=2
     5                           	psect	cstackCOMMON,global,class=COMMON,space=1,delta=1,noexec
     6                           	psect	maintext,global,class=CODE,merge=1,split=1,delta=2
     7                           	psect	text1,local,class=CODE,merge=1,delta=2
     8                           	psect	text2,local,class=CODE,merge=1,delta=2
     9                           	psect	text3,local,class=CODE,merge=1,delta=2
    10                           	psect	text4,local,class=CODE,merge=1,delta=2
    11                           	psect	idloc,global,abs,ovrld,class=IDLOC,space=5,delta=2,noexec
    12                           	psect	config,global,abs,ovrld,class=CONFIG,space=4,delta=2,noexec
    13                           	dabs	1,0x7E,2
    14  0000                     
    15                           ; Version 2.40
    16                           ; Generated 17/11/2021 GMT
    17                           ; 
    18                           ; Copyright © 2021, Microchip Technology Inc. and its subsidiaries ("Microchip")
    19                           ; All rights reserved.
    20                           ; 
    21                           ; This software is developed by Microchip Technology Inc. and its subsidiaries ("Microch
      +                          ip").
    22                           ; 
    23                           ; Redistribution and use in source and binary forms, with or without modification, are
    24                           ; permitted provided that the following conditions are met:
    25                           ; 
    26                           ;     1. Redistributions of source code must retain the above copyright notice, this lis
      +                          t of
    27                           ;        conditions and the following disclaimer.
    28                           ; 
    29                           ;     2. Redistributions in binary form must reproduce the above copyright notice, this 
      +                          list
    30                           ;        of conditions and the following disclaimer in the documentation and/or other
    31                           ;        materials provided with the distribution. Publication is not required when
    32                           ;        this file is used in an embedded application.
    33                           ; 
    34                           ;     3. Microchip's name may not be used to endorse or promote products derived from th
      +                          is
    35                           ;        software without specific prior written permission.
    36                           ; 
    37                           ; THIS SOFTWARE IS PROVIDED BY MICROCHIP "AS IS" AND ANY EXPRESS OR IMPLIED WARRANTIES,
    38                           ; INCLUDING, BUT NOT LIMITED TO, THE IMPLIED WARRANTIES OF MERCHANTABILITY AND FITNESS F
      +                          OR
    39                           ; PURPOSE ARE DISCLAIMED.  IN NO EVENT SHALL MICROCHIP BE LIABLE FOR ANY DIRECT, INDIREC
      +                          T,
    40                           ; INCIDENTAL, SPECIAL, EXEMPLARY, OR CONSEQUENTIAL DAMAGES (INCLUDING BUT NOT LIMITED TO
    41                           ; PROCUREMENT OF SUBSTITUTE GOODS OR SERVICES; LOSS OF USE, DATA OR PROFITS; OR BUSINESS
    42                           ; INTERRUPTION) HOWSOEVER CAUSED AND ON ANY THEORY OF LIABILITY, WHETHER IN CONTRACT, ST
      +                          RICT
    43                           ; LIABILITY, OR TORT (INCLUDING NEGLIGENCE OR OTHERWISE) ARISING IN ANY WAY OUT OF THE U
      +                          SE OF
    44                           ; THIS SOFTWARE, EVEN IF ADVISED OF THE POSSIBILITY OF SUCH DAMAGE.
    45                           ; 
    46                           ; 
    47                           ; Code-generator required, PIC16F1937 Definitions
    48                           ; 
    49                           ; SFR Addresses
    50  0000                     	;# 
    51  0001                     	;# 
    52  0002                     	;# 
    53  0003                     	;# 
    54  0004                     	;# 
    55  0005                     	;# 
    56  0006                     	;# 
    57  0007                     	;# 
    58  0008                     	;# 
    59  0009                     	;# 
    60  000A                     	;# 
    61  000B                     	;# 
    62  000C                     	;# 
    63  000D                     	;# 
    64  000E                     	;# 
    65  000F                     	;# 
    66  0010                     	;# 
    67  0011                     	;# 
    68  0012                     	;# 
    69  0013                     	;# 
    70  0015                     	;# 
    71  0016                     	;# 
    72  0016                     	;# 
    73  0017                     	;# 
    74  0018                     	;# 
    75  0019                     	;# 
    76  001A                     	;# 
    77  001B                     	;# 
    78  001C                     	;# 
    79  001E                     	;# 
    80  001F                     	;# 
    81  008C                     	;# 
    82  008D                     	;# 
    83  008E                     	;# 
    84  008F                     	;# 
    85  0090                     	;# 
    86  0091                     	;# 
    87  0092                     	;# 
    88  0093                     	;# 
    89  0095                     	;# 
    90  0096                     	;# 
    91  0097                     	;# 
    92  0098                     	;# 
    93  0099                     	;# 
    94  009A                     	;# 
    95  009B                     	;# 
    96  009B                     	;# 
    97  009C                     	;# 
    98  009D                     	;# 
    99  009E                     	;# 
   100  010C                     	;# 
   101  010D                     	;# 
   102  010E                     	;# 
   103  010F                     	;# 
   104  0110                     	;# 
   105  0111                     	;# 
   106  0112                     	;# 
   107  0113                     	;# 
   108  0114                     	;# 
   109  0115                     	;# 
   110  0116                     	;# 
   111  0117                     	;# 
   112  0118                     	;# 
   113  0119                     	;# 
   114  011A                     	;# 
   115  011B                     	;# 
   116  011D                     	;# 
   117  018C                     	;# 
   118  018D                     	;# 
   119  018F                     	;# 
   120  0190                     	;# 
   121  0191                     	;# 
   122  0191                     	;# 
   123  0192                     	;# 
   124  0193                     	;# 
   125  0193                     	;# 
   126  0193                     	;# 
   127  0194                     	;# 
   128  0195                     	;# 
   129  0196                     	;# 
   130  0199                     	;# 
   131  019A                     	;# 
   132  019B                     	;# 
   133  019B                     	;# 
   134  019B                     	;# 
   135  019B                     	;# 
   136  019C                     	;# 
   137  019C                     	;# 
   138  019D                     	;# 
   139  019E                     	;# 
   140  019F                     	;# 
   141  020D                     	;# 
   142  0210                     	;# 
   143  0211                     	;# 
   144  0212                     	;# 
   145  0213                     	;# 
   146  0214                     	;# 
   147  0215                     	;# 
   148  0215                     	;# 
   149  0216                     	;# 
   150  0217                     	;# 
   151  0291                     	;# 
   152  0291                     	;# 
   153  0292                     	;# 
   154  0293                     	;# 
   155  0294                     	;# 
   156  0295                     	;# 
   157  0295                     	;# 
   158  0296                     	;# 
   159  0298                     	;# 
   160  0298                     	;# 
   161  0299                     	;# 
   162  029A                     	;# 
   163  029B                     	;# 
   164  029C                     	;# 
   165  029C                     	;# 
   166  029D                     	;# 
   167  029E                     	;# 
   168  029F                     	;# 
   169  0311                     	;# 
   170  0311                     	;# 
   171  0312                     	;# 
   172  0313                     	;# 
   173  0314                     	;# 
   174  0315                     	;# 
   175  0315                     	;# 
   176  0316                     	;# 
   177  0318                     	;# 
   178  0318                     	;# 
   179  0319                     	;# 
   180  031A                     	;# 
   181  031C                     	;# 
   182  031C                     	;# 
   183  031D                     	;# 
   184  031E                     	;# 
   185  0394                     	;# 
   186  0395                     	;# 
   187  0396                     	;# 
   188  0415                     	;# 
   189  0416                     	;# 
   190  0417                     	;# 
   191  041C                     	;# 
   192  041D                     	;# 
   193  041E                     	;# 
   194  0791                     	;# 
   195  0792                     	;# 
   196  0793                     	;# 
   197  0794                     	;# 
   198  0795                     	;# 
   199  0798                     	;# 
   200  0799                     	;# 
   201  079A                     	;# 
   202  07A0                     	;# 
   203  07A1                     	;# 
   204  07A2                     	;# 
   205  07A3                     	;# 
   206  07A4                     	;# 
   207  07A5                     	;# 
   208  07A6                     	;# 
   209  07A7                     	;# 
   210  07A8                     	;# 
   211  07A9                     	;# 
   212  07AA                     	;# 
   213  07AB                     	;# 
   214  0FE4                     	;# 
   215  0FE5                     	;# 
   216  0FE6                     	;# 
   217  0FE7                     	;# 
   218  0FE8                     	;# 
   219  0FE9                     	;# 
   220  0FEA                     	;# 
   221  0FEB                     	;# 
   222  0FED                     	;# 
   223  0FEE                     	;# 
   224  0FEF                     	;# 
   225  0000                     	;# 
   226  0001                     	;# 
   227  0002                     	;# 
   228  0003                     	;# 
   229  0004                     	;# 
   230  0005                     	;# 
   231  0006                     	;# 
   232  0007                     	;# 
   233  0008                     	;# 
   234  0009                     	;# 
   235  000A                     	;# 
   236  000B                     	;# 
   237  000C                     	;# 
   238  000D                     	;# 
   239  000E                     	;# 
   240  000F                     	;# 
   241  0010                     	;# 
   242  0011                     	;# 
   243  0012                     	;# 
   244  0013                     	;# 
   245  0015                     	;# 
   246  0016                     	;# 
   247  0016                     	;# 
   248  0017                     	;# 
   249  0018                     	;# 
   250  0019                     	;# 
   251  001A                     	;# 
   252  001B                     	;# 
   253  001C                     	;# 
   254  001E                     	;# 
   255  001F                     	;# 
   256  008C                     	;# 
   257  008D                     	;# 
   258  008E                     	;# 
   259  008F                     	;# 
   260  0090                     	;# 
   261  0091                     	;# 
   262  0092                     	;# 
   263  0093                     	;# 
   264  0095                     	;# 
   265  0096                     	;# 
   266  0097                     	;# 
   267  0098                     	;# 
   268  0099                     	;# 
   269  009A                     	;# 
   270  009B                     	;# 
   271  009B                     	;# 
   272  009C                     	;# 
   273  009D                     	;# 
   274  009E                     	;# 
   275  010C                     	;# 
   276  010D                     	;# 
   277  010E                     	;# 
   278  010F                     	;# 
   279  0110                     	;# 
   280  0111                     	;# 
   281  0112                     	;# 
   282  0113                     	;# 
   283  0114                     	;# 
   284  0115                     	;# 
   285  0116                     	;# 
   286  0117                     	;# 
   287  0118                     	;# 
   288  0119                     	;# 
   289  011A                     	;# 
   290  011B                     	;# 
   291  011D                     	;# 
   292  018C                     	;# 
   293  018D                     	;# 
   294  018F                     	;# 
   295  0190                     	;# 
   296  0191                     	;# 
   297  0191                     	;# 
   298  0192                     	;# 
   299  0193                     	;# 
   300  0193                     	;# 
   301  0193                     	;# 
   302  0194                     	;# 
   303  0195                     	;# 
   304  0196                     	;# 
   305  0199                     	;# 
   306  019A                     	;# 
   307  019B                     	;# 
   308  019B                     	;# 
   309  019B                     	;# 
   310  019B                     	;# 
   311  019C                     	;# 
   312  019C                     	;# 
   313  019D                     	;# 
   314  019E                     	;# 
   315  019F                     	;# 
   316  020D                     	;# 
   317  0210                     	;# 
   318  0211                     	;# 
   319  0212                     	;# 
   320  0213                     	;# 
   321  0214                     	;# 
   322  0215                     	;# 
   323  0215                     	;# 
   324  0216                     	;# 
   325  0217                     	;# 
   326  0291                     	;# 
   327  0291                     	;# 
   328  0292                     	;# 
   329  0293                     	;# 
   330  0294                     	;# 
   331  0295                     	;# 
   332  0295                     	;# 
   333  0296                     	;# 
   334  0298                     	;# 
   335  0298                     	;# 
   336  0299                     	;# 
   337  029A                     	;# 
   338  029B                     	;# 
   339  029C                     	;# 
   340  029C                     	;# 
   341  029D                     	;# 
   342  029E                     	;# 
   343  029F                     	;# 
   344  0311                     	;# 
   345  0311                     	;# 
   346  0312                     	;# 
   347  0313                     	;# 
   348  0314                     	;# 
   349  0315                     	;# 
   350  0315                     	;# 
   351  0316                     	;# 
   352  0318                     	;# 
   353  0318                     	;# 
   354  0319                     	;# 
   355  031A                     	;# 
   356  031C                     	;# 
   357  031C                     	;# 
   358  031D                     	;# 
   359  031E                     	;# 
   360  0394                     	;# 
   361  0395                     	;# 
   362  0396                     	;# 
   363  0415                     	;# 
   364  0416                     	;# 
   365  0417                     	;# 
   366  041C                     	;# 
   367  041D                     	;# 
   368  041E                     	;# 
   369  0791                     	;# 
   370  0792                     	;# 
   371  0793                     	;# 
   372  0794                     	;# 
   373  0795                     	;# 
   374  0798                     	;# 
   375  0799                     	;# 
   376  079A                     	;# 
   377  07A0                     	;# 
   378  07A1                     	;# 
   379  07A2                     	;# 
   380  07A3                     	;# 
   381  07A4                     	;# 
   382  07A5                     	;# 
   383  07A6                     	;# 
   384  07A7                     	;# 
   385  07A8                     	;# 
   386  07A9                     	;# 
   387  07AA                     	;# 
   388  07AB                     	;# 
   389  0FE4                     	;# 
   390  0FE5                     	;# 
   391  0FE6                     	;# 
   392  0FE7                     	;# 
   393  0FE8                     	;# 
   394  0FE9                     	;# 
   395  0FEA                     	;# 
   396  0FEB                     	;# 
   397  0FED                     	;# 
   398  0FEE                     	;# 
   399  0FEF                     	;# 
   400  0000                     	;# 
   401  0001                     	;# 
   402  0002                     	;# 
   403  0003                     	;# 
   404  0004                     	;# 
   405  0005                     	;# 
   406  0006                     	;# 
   407  0007                     	;# 
   408  0008                     	;# 
   409  0009                     	;# 
   410  000A                     	;# 
   411  000B                     	;# 
   412  000C                     	;# 
   413  000D                     	;# 
   414  000E                     	;# 
   415  000F                     	;# 
   416  0010                     	;# 
   417  0011                     	;# 
   418  0012                     	;# 
   419  0013                     	;# 
   420  0015                     	;# 
   421  0016                     	;# 
   422  0016                     	;# 
   423  0017                     	;# 
   424  0018                     	;# 
   425  0019                     	;# 
   426  001A                     	;# 
   427  001B                     	;# 
   428  001C                     	;# 
   429  001E                     	;# 
   430  001F                     	;# 
   431  008C                     	;# 
   432  008D                     	;# 
   433  008E                     	;# 
   434  008F                     	;# 
   435  0090                     	;# 
   436  0091                     	;# 
   437  0092                     	;# 
   438  0093                     	;# 
   439  0095                     	;# 
   440  0096                     	;# 
   441  0097                     	;# 
   442  0098                     	;# 
   443  0099                     	;# 
   444  009A                     	;# 
   445  009B                     	;# 
   446  009B                     	;# 
   447  009C                     	;# 
   448  009D                     	;# 
   449  009E                     	;# 
   450  010C                     	;# 
   451  010D                     	;# 
   452  010E                     	;# 
   453  010F                     	;# 
   454  0110                     	;# 
   455  0111                     	;# 
   456  0112                     	;# 
   457  0113                     	;# 
   458  0114                     	;# 
   459  0115                     	;# 
   460  0116                     	;# 
   461  0117                     	;# 
   462  0118                     	;# 
   463  0119                     	;# 
   464  011A                     	;# 
   465  011B                     	;# 
   466  011D                     	;# 
   467  018C                     	;# 
   468  018D                     	;# 
   469  018F                     	;# 
   470  0190                     	;# 
   471  0191                     	;# 
   472  0191                     	;# 
   473  0192                     	;# 
   474  0193                     	;# 
   475  0193                     	;# 
   476  0193                     	;# 
   477  0194                     	;# 
   478  0195                     	;# 
   479  0196                     	;# 
   480  0199                     	;# 
   481  019A                     	;# 
   482  019B                     	;# 
   483  019B                     	;# 
   484  019B                     	;# 
   485  019B                     	;# 
   486  019C                     	;# 
   487  019C                     	;# 
   488  019D                     	;# 
   489  019E                     	;# 
   490  019F                     	;# 
   491  020D                     	;# 
   492  0210                     	;# 
   493  0211                     	;# 
   494  0212                     	;# 
   495  0213                     	;# 
   496  0214                     	;# 
   497  0215                     	;# 
   498  0215                     	;# 
   499  0216                     	;# 
   500  0217                     	;# 
   501  0291                     	;# 
   502  0291                     	;# 
   503  0292                     	;# 
   504  0293                     	;# 
   505  0294                     	;# 
   506  0295                     	;# 
   507  0295                     	;# 
   508  0296                     	;# 
   509  0298                     	;# 
   510  0298                     	;# 
   511  0299                     	;# 
   512  029A                     	;# 
   513  029B                     	;# 
   514  029C                     	;# 
   515  029C                     	;# 
   516  029D                     	;# 
   517  029E                     	;# 
   518  029F                     	;# 
   519  0311                     	;# 
   520  0311                     	;# 
   521  0312                     	;# 
   522  0313                     	;# 
   523  0314                     	;# 
   524  0315                     	;# 
   525  0315                     	;# 
   526  0316                     	;# 
   527  0318                     	;# 
   528  0318                     	;# 
   529  0319                     	;# 
   530  031A                     	;# 
   531  031C                     	;# 
   532  031C                     	;# 
   533  031D                     	;# 
   534  031E                     	;# 
   535  0394                     	;# 
   536  0395                     	;# 
   537  0396                     	;# 
   538  0415                     	;# 
   539  0416                     	;# 
   540  0417                     	;# 
   541  041C                     	;# 
   542  041D                     	;# 
   543  041E                     	;# 
   544  0791                     	;# 
   545  0792                     	;# 
   546  0793                     	;# 
   547  0794                     	;# 
   548  0795                     	;# 
   549  0798                     	;# 
   550  0799                     	;# 
   551  079A                     	;# 
   552  07A0                     	;# 
   553  07A1                     	;# 
   554  07A2                     	;# 
   555  07A3                     	;# 
   556  07A4                     	;# 
   557  07A5                     	;# 
   558  07A6                     	;# 
   559  07A7                     	;# 
   560  07A8                     	;# 
   561  07A9                     	;# 
   562  07AA                     	;# 
   563  07AB                     	;# 
   564  0FE4                     	;# 
   565  0FE5                     	;# 
   566  0FE6                     	;# 
   567  0FE7                     	;# 
   568  0FE8                     	;# 
   569  0FE9                     	;# 
   570  0FEA                     	;# 
   571  0FEB                     	;# 
   572  0FED                     	;# 
   573  0FEE                     	;# 
   574  0FEF                     	;# 
   575  0000                     	;# 
   576  0001                     	;# 
   577  0002                     	;# 
   578  0003                     	;# 
   579  0004                     	;# 
   580  0005                     	;# 
   581  0006                     	;# 
   582  0007                     	;# 
   583  0008                     	;# 
   584  0009                     	;# 
   585  000A                     	;# 
   586  000B                     	;# 
   587  000C                     	;# 
   588  000D                     	;# 
   589  000E                     	;# 
   590  000F                     	;# 
   591  0010                     	;# 
   592  0011                     	;# 
   593  0012                     	;# 
   594  0013                     	;# 
   595  0015                     	;# 
   596  0016                     	;# 
   597  0016                     	;# 
   598  0017                     	;# 
   599  0018                     	;# 
   600  0019                     	;# 
   601  001A                     	;# 
   602  001B                     	;# 
   603  001C                     	;# 
   604  001E                     	;# 
   605  001F                     	;# 
   606  008C                     	;# 
   607  008D                     	;# 
   608  008E                     	;# 
   609  008F                     	;# 
   610  0090                     	;# 
   611  0091                     	;# 
   612  0092                     	;# 
   613  0093                     	;# 
   614  0095                     	;# 
   615  0096                     	;# 
   616  0097                     	;# 
   617  0098                     	;# 
   618  0099                     	;# 
   619  009A                     	;# 
   620  009B                     	;# 
   621  009B                     	;# 
   622  009C                     	;# 
   623  009D                     	;# 
   624  009E                     	;# 
   625  010C                     	;# 
   626  010D                     	;# 
   627  010E                     	;# 
   628  010F                     	;# 
   629  0110                     	;# 
   630  0111                     	;# 
   631  0112                     	;# 
   632  0113                     	;# 
   633  0114                     	;# 
   634  0115                     	;# 
   635  0116                     	;# 
   636  0117                     	;# 
   637  0118                     	;# 
   638  0119                     	;# 
   639  011A                     	;# 
   640  011B                     	;# 
   641  011D                     	;# 
   642  018C                     	;# 
   643  018D                     	;# 
   644  018F                     	;# 
   645  0190                     	;# 
   646  0191                     	;# 
   647  0191                     	;# 
   648  0192                     	;# 
   649  0193                     	;# 
   650  0193                     	;# 
   651  0193                     	;# 
   652  0194                     	;# 
   653  0195                     	;# 
   654  0196                     	;# 
   655  0199                     	;# 
   656  019A                     	;# 
   657  019B                     	;# 
   658  019B                     	;# 
   659  019B                     	;# 
   660  019B                     	;# 
   661  019C                     	;# 
   662  019C                     	;# 
   663  019D                     	;# 
   664  019E                     	;# 
   665  019F                     	;# 
   666  020D                     	;# 
   667  0210                     	;# 
   668  0211                     	;# 
   669  0212                     	;# 
   670  0213                     	;# 
   671  0214                     	;# 
   672  0215                     	;# 
   673  0215                     	;# 
   674  0216                     	;# 
   675  0217                     	;# 
   676  0291                     	;# 
   677  0291                     	;# 
   678  0292                     	;# 
   679  0293                     	;# 
   680  0294                     	;# 
   681  0295                     	;# 
   682  0295                     	;# 
   683  0296                     	;# 
   684  0298                     	;# 
   685  0298                     	;# 
   686  0299                     	;# 
   687  029A                     	;# 
   688  029B                     	;# 
   689  029C                     	;# 
   690  029C                     	;# 
   691  029D                     	;# 
   692  029E                     	;# 
   693  029F                     	;# 
   694  0311                     	;# 
   695  0311                     	;# 
   696  0312                     	;# 
   697  0313                     	;# 
   698  0314                     	;# 
   699  0315                     	;# 
   700  0315                     	;# 
   701  0316                     	;# 
   702  0318                     	;# 
   703  0318                     	;# 
   704  0319                     	;# 
   705  031A                     	;# 
   706  031C                     	;# 
   707  031C                     	;# 
   708  031D                     	;# 
   709  031E                     	;# 
   710  0394                     	;# 
   711  0395                     	;# 
   712  0396                     	;# 
   713  0415                     	;# 
   714  0416                     	;# 
   715  0417                     	;# 
   716  041C                     	;# 
   717  041D                     	;# 
   718  041E                     	;# 
   719  0791                     	;# 
   720  0792                     	;# 
   721  0793                     	;# 
   722  0794                     	;# 
   723  0795                     	;# 
   724  0798                     	;# 
   725  0799                     	;# 
   726  079A                     	;# 
   727  07A0                     	;# 
   728  07A1                     	;# 
   729  07A2                     	;# 
   730  07A3                     	;# 
   731  07A4                     	;# 
   732  07A5                     	;# 
   733  07A6                     	;# 
   734  07A7                     	;# 
   735  07A8                     	;# 
   736  07A9                     	;# 
   737  07AA                     	;# 
   738  07AB                     	;# 
   739  0FE4                     	;# 
   740  0FE5                     	;# 
   741  0FE6                     	;# 
   742  0FE7                     	;# 
   743  0FE8                     	;# 
   744  0FE9                     	;# 
   745  0FEA                     	;# 
   746  0FEB                     	;# 
   747  0FED                     	;# 
   748  0FEE                     	;# 
   749  0FEF                     	;# 
   750  0000                     	;# 
   751  0001                     	;# 
   752  0002                     	;# 
   753  0003                     	;# 
   754  0004                     	;# 
   755  0005                     	;# 
   756  0006                     	;# 
   757  0007                     	;# 
   758  0008                     	;# 
   759  0009                     	;# 
   760  000A                     	;# 
   761  000B                     	;# 
   762  000C                     	;# 
   763  000D                     	;# 
   764  000E                     	;# 
   765  000F                     	;# 
   766  0010                     	;# 
   767  0011                     	;# 
   768  0012                     	;# 
   769  0013                     	;# 
   770  0015                     	;# 
   771  0016                     	;# 
   772  0016                     	;# 
   773  0017                     	;# 
   774  0018                     	;# 
   775  0019                     	;# 
   776  001A                     	;# 
   777  001B                     	;# 
   778  001C                     	;# 
   779  001E                     	;# 
   780  001F                     	;# 
   781  008C                     	;# 
   782  008D                     	;# 
   783  008E                     	;# 
   784  008F                     	;# 
   785  0090                     	;# 
   786  0091                     	;# 
   787  0092                     	;# 
   788  0093                     	;# 
   789  0095                     	;# 
   790  0096                     	;# 
   791  0097                     	;# 
   792  0098                     	;# 
   793  0099                     	;# 
   794  009A                     	;# 
   795  009B                     	;# 
   796  009B                     	;# 
   797  009C                     	;# 
   798  009D                     	;# 
   799  009E                     	;# 
   800  010C                     	;# 
   801  010D                     	;# 
   802  010E                     	;# 
   803  010F                     	;# 
   804  0110                     	;# 
   805  0111                     	;# 
   806  0112                     	;# 
   807  0113                     	;# 
   808  0114                     	;# 
   809  0115                     	;# 
   810  0116                     	;# 
   811  0117                     	;# 
   812  0118                     	;# 
   813  0119                     	;# 
   814  011A                     	;# 
   815  011B                     	;# 
   816  011D                     	;# 
   817  018C                     	;# 
   818  018D                     	;# 
   819  018F                     	;# 
   820  0190                     	;# 
   821  0191                     	;# 
   822  0191                     	;# 
   823  0192                     	;# 
   824  0193                     	;# 
   825  0193                     	;# 
   826  0193                     	;# 
   827  0194                     	;# 
   828  0195                     	;# 
   829  0196                     	;# 
   830  0199                     	;# 
   831  019A                     	;# 
   832  019B                     	;# 
   833  019B                     	;# 
   834  019B                     	;# 
   835  019B                     	;# 
   836  019C                     	;# 
   837  019C                     	;# 
   838  019D                     	;# 
   839  019E                     	;# 
   840  019F                     	;# 
   841  020D                     	;# 
   842  0210                     	;# 
   843  0211                     	;# 
   844  0212                     	;# 
   845  0213                     	;# 
   846  0214                     	;# 
   847  0215                     	;# 
   848  0215                     	;# 
   849  0216                     	;# 
   850  0217                     	;# 
   851  0291                     	;# 
   852  0291                     	;# 
   853  0292                     	;# 
   854  0293                     	;# 
   855  0294                     	;# 
   856  0295                     	;# 
   857  0295                     	;# 
   858  0296                     	;# 
   859  0298                     	;# 
   860  0298                     	;# 
   861  0299                     	;# 
   862  029A                     	;# 
   863  029B                     	;# 
   864  029C                     	;# 
   865  029C                     	;# 
   866  029D                     	;# 
   867  029E                     	;# 
   868  029F                     	;# 
   869  0311                     	;# 
   870  0311                     	;# 
   871  0312                     	;# 
   872  0313                     	;# 
   873  0314                     	;# 
   874  0315                     	;# 
   875  0315                     	;# 
   876  0316                     	;# 
   877  0318                     	;# 
   878  0318                     	;# 
   879  0319                     	;# 
   880  031A                     	;# 
   881  031C                     	;# 
   882  031C                     	;# 
   883  031D                     	;# 
   884  031E                     	;# 
   885  0394                     	;# 
   886  0395                     	;# 
   887  0396                     	;# 
   888  0415                     	;# 
   889  0416                     	;# 
   890  0417                     	;# 
   891  041C                     	;# 
   892  041D                     	;# 
   893  041E                     	;# 
   894  0791                     	;# 
   895  0792                     	;# 
   896  0793                     	;# 
   897  0794                     	;# 
   898  0795                     	;# 
   899  0798                     	;# 
   900  0799                     	;# 
   901  079A                     	;# 
   902  07A0                     	;# 
   903  07A1                     	;# 
   904  07A2                     	;# 
   905  07A3                     	;# 
   906  07A4                     	;# 
   907  07A5                     	;# 
   908  07A6                     	;# 
   909  07A7                     	;# 
   910  07A8                     	;# 
   911  07A9                     	;# 
   912  07AA                     	;# 
   913  07AB                     	;# 
   914  0FE4                     	;# 
   915  0FE5                     	;# 
   916  0FE6                     	;# 
   917  0FE7                     	;# 
   918  0FE8                     	;# 
   919  0FE9                     	;# 
   920  0FEA                     	;# 
   921  0FEB                     	;# 
   922  0FED                     	;# 
   923  0FEE                     	;# 
   924  0FEF                     	;# 
   925  0097                     _WDTCON	set	151
   926  0098                     _OSCTUNE	set	152
   927  0099                     _OSCCON	set	153
   928  0095                     _OPTION_REGbits	set	149
   929  008F                     _TRISD	set	143
   930  008E                     _TRISC	set	142
   931  008D                     _TRISB	set	141
   932  008C                     _TRISA	set	140
   933  0090                     _TRISE	set	144
   934  04D6                     _PLLR	set	1238
   935  010D                     _LATBbits	set	269
   936  0116                     _BORCON	set	278
   937  011D                     _APFCON	set	285
   938  010E                     _LATC	set	270
   939  010D                     _LATB	set	269
   940  010C                     _LATA	set	268
   941  010F                     _LATD	set	271
   942  0110                     _LATE	set	272
   943  018C                     _ANSELA	set	396
   944  0190                     _ANSELE	set	400
   945  018D                     _ANSELB	set	397
   946  018F                     _ANSELD	set	399
   947  020D                     _WPUB	set	525
   948  0210                     _WPUE	set	528
   949                           
   950                           	psect	cinit
   951  07FD                     start_initialization:	
   952                           ; #config settings
   953                           
   954  07FD                     __initialization:
   955  07FD                     end_of_initialization:	
   956                           ;End of C runtime variable initialization code
   957                           
   958  07FD                     __end_of__initialization:
   959  07FD  0020               	movlb	0
   960  07FE  3187  2FBC         	ljmp	_main	;jump to C main() function
   961                           
   962                           	psect	cstackCOMMON
   963  0000                     __pcstackCOMMON:
   964  0000                     ?_OSCILLATOR_Initialize:
   965  0000                     ??_OSCILLATOR_Initialize:	
   966                           ; 1 bytes @ 0x0
   967                           
   968  0000                     ?_WDT_Initialize:	
   969                           ; 1 bytes @ 0x0
   970                           
   971  0000                     ??_WDT_Initialize:	
   972                           ; 1 bytes @ 0x0
   973                           
   974  0000                     ?_PIN_MANAGER_Initialize:	
   975                           ; 1 bytes @ 0x0
   976                           
   977  0000                     ??_PIN_MANAGER_Initialize:	
   978                           ; 1 bytes @ 0x0
   979                           
   980  0000                     ?_SYSTEM_Initialize:	
   981                           ; 1 bytes @ 0x0
   982                           
   983  0000                     ??_SYSTEM_Initialize:	
   984                           ; 1 bytes @ 0x0
   985                           
   986  0000                     ?_main:	
   987                           ; 1 bytes @ 0x0
   988                           
   989  0000                     ??_main:	
   990                           ; 1 bytes @ 0x0
   991                           
   992                           
   993                           	psect	maintext
   994  07BC                     __pmaintext:	
   995                           ; 1 bytes @ 0x0
   996 ;;
   997 ;;Main: autosize = 0, tempsize = 0, incstack = 0, save=0
   998 ;;
   999 ;; *************** function _main *****************
  1000 ;; Defined at:
  1001 ;;		line 50 in file "main.c"
  1002 ;; Parameters:    Size  Location     Type
  1003 ;;		None
  1004 ;; Auto vars:     Size  Location     Type
  1005 ;;		None
  1006 ;; Return value:  Size  Location     Type
  1007 ;;                  1    wreg      void 
  1008 ;; Registers used:
  1009 ;;		wreg, status,2, status,0, pclath, cstack
  1010 ;; Tracked objects:
  1011 ;;		On entry : B1F/0
  1012 ;;		On exit  : 0/0
  1013 ;;		Unchanged: 0/0
  1014 ;; Data sizes:     COMMON   BANK0   BANK1   BANK2   BANK3   BANK4   BANK5   BANK6
  1015 ;;      Params:         0       0       0       0       0       0       0       0
  1016 ;;      Locals:         0       0       0       0       0       0       0       0
  1017 ;;      Temps:          0       0       0       0       0       0       0       0
  1018 ;;      Totals:         0       0       0       0       0       0       0       0
  1019 ;;Total ram usage:        0 bytes
  1020 ;; Hardware stack levels required when called: 2
  1021 ;; This function calls:
  1022 ;;		_SYSTEM_Initialize
  1023 ;; This function is called by:
  1024 ;;		Startup code after reset
  1025 ;; This function uses a non-reentrant model
  1026 ;;
  1027                           
  1028  07BC                     _main:	
  1029                           ;psect for function _main
  1030                           
  1031  07BC                     l768:	
  1032                           ;incstack = 0
  1033                           ; Regs used in _main: [wreg+status,2+status,0+pclath+cstack]
  1034                           
  1035                           
  1036                           ;main.c: 53:     SYSTEM_Initialize();
  1037  07BC  3187  27C5  3187   	fcall	_SYSTEM_Initialize
  1038  07BF                     l770:
  1039                           
  1040                           ;main.c: 73:     {;main.c: 74:         LATBbits.LATB5 = 1;
  1041  07BF  0022               	movlb	2	; select bank2
  1042  07C0  168D               	bsf	13,5	;volatile
  1043  07C1                     l772:
  1044                           
  1045                           ;main.c: 75:         LATBbits.LATB5 = 0;
  1046  07C1  128D               	bcf	13,5	;volatile
  1047  07C2  2FBF               	goto	l770
  1048  07C3  3180  2802         	ljmp	start
  1049  07C5                     __end_of_main:
  1050                           
  1051                           	psect	text1
  1052  07C5                     __ptext1:	
  1053 ;; *************** function _SYSTEM_Initialize *****************
  1054 ;; Defined at:
  1055 ;;		line 50 in file "mcc_generated_files/mcc.c"
  1056 ;; Parameters:    Size  Location     Type
  1057 ;;		None
  1058 ;; Auto vars:     Size  Location     Type
  1059 ;;		None
  1060 ;; Return value:  Size  Location     Type
  1061 ;;                  1    wreg      void 
  1062 ;; Registers used:
  1063 ;;		wreg, status,2, status,0, pclath, cstack
  1064 ;; Tracked objects:
  1065 ;;		On entry : 0/0
  1066 ;;		On exit  : 0/0
  1067 ;;		Unchanged: 0/0
  1068 ;; Data sizes:     COMMON   BANK0   BANK1   BANK2   BANK3   BANK4   BANK5   BANK6
  1069 ;;      Params:         0       0       0       0       0       0       0       0
  1070 ;;      Locals:         0       0       0       0       0       0       0       0
  1071 ;;      Temps:          0       0       0       0       0       0       0       0
  1072 ;;      Totals:         0       0       0       0       0       0       0       0
  1073 ;;Total ram usage:        0 bytes
  1074 ;; Hardware stack levels used: 1
  1075 ;; Hardware stack levels required when called: 1
  1076 ;; This function calls:
  1077 ;;		_OSCILLATOR_Initialize
  1078 ;;		_PIN_MANAGER_Initialize
  1079 ;;		_WDT_Initialize
  1080 ;; This function is called by:
  1081 ;;		_main
  1082 ;; This function uses a non-reentrant model
  1083 ;;
  1084                           
  1085  07C5                     _SYSTEM_Initialize:	
  1086                           ;psect for function _SYSTEM_Initialize
  1087                           
  1088  07C5                     l766:	
  1089                           ;incstack = 0
  1090                           ; Regs used in _SYSTEM_Initialize: [wreg+status,2+status,0+pclath+cstack]
  1091                           
  1092                           
  1093                           ;mcc_generated_files/mcc.c: 53:     PIN_MANAGER_Initialize();
  1094  07C5  3187  27DB  3187   	fcall	_PIN_MANAGER_Initialize
  1095                           
  1096                           ;mcc_generated_files/mcc.c: 54:     OSCILLATOR_Initialize();
  1097  07C8  3187  27CF  3187   	fcall	_OSCILLATOR_Initialize
  1098                           
  1099                           ;mcc_generated_files/mcc.c: 55:     WDT_Initialize();
  1100  07CB  3187  27B8  3187   	fcall	_WDT_Initialize
  1101  07CE                     l61:
  1102  07CE  0008               	return
  1103  07CF                     __end_of_SYSTEM_Initialize:
  1104                           
  1105                           	psect	text2
  1106  07B8                     __ptext2:	
  1107 ;; *************** function _WDT_Initialize *****************
  1108 ;; Defined at:
  1109 ;;		line 72 in file "mcc_generated_files/mcc.c"
  1110 ;; Parameters:    Size  Location     Type
  1111 ;;		None
  1112 ;; Auto vars:     Size  Location     Type
  1113 ;;		None
  1114 ;; Return value:  Size  Location     Type
  1115 ;;                  1    wreg      void 
  1116 ;; Registers used:
  1117 ;;		wreg
  1118 ;; Tracked objects:
  1119 ;;		On entry : 0/0
  1120 ;;		On exit  : 0/0
  1121 ;;		Unchanged: 0/0
  1122 ;; Data sizes:     COMMON   BANK0   BANK1   BANK2   BANK3   BANK4   BANK5   BANK6
  1123 ;;      Params:         0       0       0       0       0       0       0       0
  1124 ;;      Locals:         0       0       0       0       0       0       0       0
  1125 ;;      Temps:          0       0       0       0       0       0       0       0
  1126 ;;      Totals:         0       0       0       0       0       0       0       0
  1127 ;;Total ram usage:        0 bytes
  1128 ;; Hardware stack levels used: 1
  1129 ;; This function calls:
  1130 ;;		Nothing
  1131 ;; This function is called by:
  1132 ;;		_SYSTEM_Initialize
  1133 ;; This function uses a non-reentrant model
  1134 ;;
  1135                           
  1136  07B8                     _WDT_Initialize:	
  1137                           ;psect for function _WDT_Initialize
  1138                           
  1139  07B8                     l764:	
  1140                           ;incstack = 0
  1141                           ; Regs used in _WDT_Initialize: [wreg]
  1142                           
  1143                           
  1144                           ;mcc_generated_files/mcc.c: 75:     WDTCON = 0x16;
  1145  07B8  3016               	movlw	22
  1146  07B9  0021               	movlb	1	; select bank1
  1147  07BA  0097               	movwf	23	;volatile
  1148  07BB                     l70:
  1149  07BB  0008               	return
  1150  07BC                     __end_of_WDT_Initialize:
  1151                           
  1152                           	psect	text3
  1153  07DB                     __ptext3:	
  1154 ;; *************** function _PIN_MANAGER_Initialize *****************
  1155 ;; Defined at:
  1156 ;;		line 55 in file "mcc_generated_files/pin_manager.c"
  1157 ;; Parameters:    Size  Location     Type
  1158 ;;		None
  1159 ;; Auto vars:     Size  Location     Type
  1160 ;;		None
  1161 ;; Return value:  Size  Location     Type
  1162 ;;                  1    wreg      void 
  1163 ;; Registers used:
  1164 ;;		wreg, status,2
  1165 ;; Tracked objects:
  1166 ;;		On entry : 0/0
  1167 ;;		On exit  : 0/0
  1168 ;;		Unchanged: 0/0
  1169 ;; Data sizes:     COMMON   BANK0   BANK1   BANK2   BANK3   BANK4   BANK5   BANK6
  1170 ;;      Params:         0       0       0       0       0       0       0       0
  1171 ;;      Locals:         0       0       0       0       0       0       0       0
  1172 ;;      Temps:          0       0       0       0       0       0       0       0
  1173 ;;      Totals:         0       0       0       0       0       0       0       0
  1174 ;;Total ram usage:        0 bytes
  1175 ;; Hardware stack levels used: 1
  1176 ;; This function calls:
  1177 ;;		Nothing
  1178 ;; This function is called by:
  1179 ;;		_SYSTEM_Initialize
  1180 ;; This function uses a non-reentrant model
  1181 ;;
  1182                           
  1183  07DB                     _PIN_MANAGER_Initialize:	
  1184                           ;psect for function _PIN_MANAGER_Initialize
  1185                           
  1186  07DB                     l730:	
  1187                           ;incstack = 0
  1188                           ; Regs used in _PIN_MANAGER_Initialize: [wreg+status,2]
  1189                           
  1190                           
  1191                           ;mcc_generated_files/pin_manager.c: 60:     LATE = 0x00;
  1192  07DB  0022               	movlb	2	; select bank2
  1193  07DC  0190               	clrf	16	;volatile
  1194                           
  1195                           ;mcc_generated_files/pin_manager.c: 61:     LATD = 0x00;
  1196  07DD  018F               	clrf	15	;volatile
  1197                           
  1198                           ;mcc_generated_files/pin_manager.c: 62:     LATA = 0x00;
  1199  07DE  018C               	clrf	12	;volatile
  1200                           
  1201                           ;mcc_generated_files/pin_manager.c: 63:     LATB = 0x00;
  1202  07DF  018D               	clrf	13	;volatile
  1203                           
  1204                           ;mcc_generated_files/pin_manager.c: 64:     LATC = 0x00;
  1205  07E0  018E               	clrf	14	;volatile
  1206  07E1                     l732:
  1207                           
  1208                           ;mcc_generated_files/pin_manager.c: 69:     TRISE = 0x0F;
  1209  07E1  300F               	movlw	15
  1210  07E2  0021               	movlb	1	; select bank1
  1211  07E3  0090               	movwf	16	;volatile
  1212  07E4                     l734:
  1213                           
  1214                           ;mcc_generated_files/pin_manager.c: 70:     TRISA = 0xFF;
  1215  07E4  30FF               	movlw	255
  1216  07E5  008C               	movwf	12	;volatile
  1217  07E6                     l736:
  1218                           
  1219                           ;mcc_generated_files/pin_manager.c: 71:     TRISB = 0xCF;
  1220  07E6  30CF               	movlw	207
  1221  07E7  008D               	movwf	13	;volatile
  1222  07E8                     l738:
  1223                           
  1224                           ;mcc_generated_files/pin_manager.c: 72:     TRISC = 0xFF;
  1225  07E8  30FF               	movlw	255
  1226  07E9  008E               	movwf	14	;volatile
  1227  07EA                     l740:
  1228                           
  1229                           ;mcc_generated_files/pin_manager.c: 73:     TRISD = 0xFF;
  1230  07EA  30FF               	movlw	255
  1231  07EB  008F               	movwf	15	;volatile
  1232  07EC                     l742:
  1233                           
  1234                           ;mcc_generated_files/pin_manager.c: 78:     ANSELD = 0xFF;
  1235  07EC  30FF               	movlw	255
  1236  07ED  0023               	movlb	3	; select bank3
  1237  07EE  008F               	movwf	15	;volatile
  1238  07EF                     l744:
  1239                           
  1240                           ;mcc_generated_files/pin_manager.c: 79:     ANSELB = 0x0F;
  1241  07EF  300F               	movlw	15
  1242  07F0  008D               	movwf	13	;volatile
  1243  07F1                     l746:
  1244                           
  1245                           ;mcc_generated_files/pin_manager.c: 80:     ANSELE = 0x07;
  1246  07F1  3007               	movlw	7
  1247  07F2  0090               	movwf	16	;volatile
  1248  07F3                     l748:
  1249                           
  1250                           ;mcc_generated_files/pin_manager.c: 81:     ANSELA = 0x3F;
  1251  07F3  303F               	movlw	63
  1252  07F4  008C               	movwf	12	;volatile
  1253  07F5                     l750:
  1254                           
  1255                           ;mcc_generated_files/pin_manager.c: 86:     WPUE = 0x00;
  1256  07F5  0024               	movlb	4	; select bank4
  1257  07F6  0190               	clrf	16	;volatile
  1258  07F7                     l752:
  1259                           
  1260                           ;mcc_generated_files/pin_manager.c: 87:     WPUB = 0x00;
  1261  07F7  018D               	clrf	13	;volatile
  1262  07F8                     l754:
  1263                           
  1264                           ;mcc_generated_files/pin_manager.c: 88:     OPTION_REGbits.nWPUEN = 1;
  1265  07F8  0021               	movlb	1	; select bank1
  1266  07F9  1795               	bsf	21,7	;volatile
  1267  07FA                     l756:
  1268                           
  1269                           ;mcc_generated_files/pin_manager.c: 94:     APFCON = 0x00;
  1270  07FA  0022               	movlb	2	; select bank2
  1271  07FB  019D               	clrf	29	;volatile
  1272  07FC                     l39:
  1273  07FC  0008               	return
  1274  07FD                     __end_of_PIN_MANAGER_Initialize:
  1275                           
  1276                           	psect	text4
  1277  07CF                     __ptext4:	
  1278 ;; *************** function _OSCILLATOR_Initialize *****************
  1279 ;; Defined at:
  1280 ;;		line 58 in file "mcc_generated_files/mcc.c"
  1281 ;; Parameters:    Size  Location     Type
  1282 ;;		None
  1283 ;; Auto vars:     Size  Location     Type
  1284 ;;		None
  1285 ;; Return value:  Size  Location     Type
  1286 ;;                  1    wreg      void 
  1287 ;; Registers used:
  1288 ;;		wreg, status,2
  1289 ;; Tracked objects:
  1290 ;;		On entry : 0/0
  1291 ;;		On exit  : 0/0
  1292 ;;		Unchanged: 0/0
  1293 ;; Data sizes:     COMMON   BANK0   BANK1   BANK2   BANK3   BANK4   BANK5   BANK6
  1294 ;;      Params:         0       0       0       0       0       0       0       0
  1295 ;;      Locals:         0       0       0       0       0       0       0       0
  1296 ;;      Temps:          0       0       0       0       0       0       0       0
  1297 ;;      Totals:         0       0       0       0       0       0       0       0
  1298 ;;Total ram usage:        0 bytes
  1299 ;; Hardware stack levels used: 1
  1300 ;; This function calls:
  1301 ;;		Nothing
  1302 ;; This function is called by:
  1303 ;;		_SYSTEM_Initialize
  1304 ;; This function uses a non-reentrant model
  1305 ;;
  1306                           
  1307  07CF                     _OSCILLATOR_Initialize:	
  1308                           ;psect for function _OSCILLATOR_Initialize
  1309                           
  1310  07CF                     l758:	
  1311                           ;incstack = 0
  1312                           ; Regs used in _OSCILLATOR_Initialize: [wreg+status,2]
  1313                           
  1314                           
  1315                           ;mcc_generated_files/mcc.c: 61:     OSCCON = 0x70;
  1316  07CF  3070               	movlw	112
  1317  07D0  0021               	movlb	1	; select bank1
  1318  07D1  0099               	movwf	25	;volatile
  1319  07D2                     l760:
  1320                           
  1321                           ;mcc_generated_files/mcc.c: 63:     OSCTUNE = 0x00;
  1322  07D2  0198               	clrf	24	;volatile
  1323  07D3                     l762:
  1324                           
  1325                           ;mcc_generated_files/mcc.c: 65:     BORCON = 0x00;
  1326  07D3  0022               	movlb	2	; select bank2
  1327  07D4  0196               	clrf	22	;volatile
  1328  07D5                     l64:	
  1329                           ;mcc_generated_files/mcc.c: 68:     {;mcc_generated_files/mcc.c: 69:     }
  1330                           
  1331                           
  1332                           ;mcc_generated_files/mcc.c: 67:     while(PLLR == 0)
  1333  07D5  0021               	movlb	1	; select bank1
  1334  07D6  1F1A               	btfss	26,6	;volatile
  1335  07D7  2FD9               	goto	u11
  1336  07D8  2FDA               	goto	u10
  1337  07D9                     u11:
  1338  07D9  2FD5               	goto	l64
  1339  07DA                     u10:
  1340  07DA                     l67:
  1341  07DA  0008               	return
  1342  07DB                     __end_of_OSCILLATOR_Initialize:
  1343  007E                     btemp	set	126	;btemp
  1344  007E                     wtemp0	set	126
  1345                           
  1346                           	psect	idloc
  1347                           
  1348                           ;Config register IDLOC0 @ 0x8000
  1349                           ;	unspecified, using default values
  1350  8000                     	org	32768
  1351  8000  3FFF               	dw	16383
  1352                           
  1353                           ;Config register IDLOC1 @ 0x8001
  1354                           ;	unspecified, using default values
  1355  8001                     	org	32769
  1356  8001  3FFF               	dw	16383
  1357                           
  1358                           ;Config register IDLOC2 @ 0x8002
  1359                           ;	unspecified, using default values
  1360  8002                     	org	32770
  1361  8002  3FFF               	dw	16383
  1362                           
  1363                           ;Config register IDLOC3 @ 0x8003
  1364                           ;	unspecified, using default values
  1365  8003                     	org	32771
  1366  8003  3FFF               	dw	16383
  1367                           
  1368                           	psect	config
  1369                           
  1370                           ;Config register CONFIG1 @ 0x8007
  1371                           ;	Oscillator Selection
  1372                           ;	FOSC = INTOSC, INTOSC oscillator: I/O function on CLKIN pin
  1373                           ;	Watchdog Timer Enable
  1374                           ;	WDTE = OFF, WDT disabled
  1375                           ;	Power-up Timer Enable
  1376                           ;	PWRTE = OFF, PWRT disabled
  1377                           ;	MCLR Pin Function Select
  1378                           ;	MCLRE = ON, MCLR/VPP pin function is MCLR
  1379                           ;	Flash Program Memory Code Protection
  1380                           ;	CP = OFF, Program memory code protection is disabled
  1381                           ;	Data Memory Code Protection
  1382                           ;	CPD = OFF, Data memory code protection is disabled
  1383                           ;	Brown-out Reset Enable
  1384                           ;	BOREN = ON, Brown-out Reset enabled
  1385                           ;	Clock Out Enable
  1386                           ;	CLKOUTEN = OFF, CLKOUT function is disabled. I/O or oscillator function on the CLKOUT 
      +                          pin
  1387                           ;	Internal/External Switchover
  1388                           ;	IESO = ON, Internal/External Switchover mode is enabled
  1389                           ;	Fail-Safe Clock Monitor Enable
  1390                           ;	FCMEN = ON, Fail-Safe Clock Monitor is enabled
  1391  8007                     	org	32775
  1392  8007  3FE4               	dw	16356
  1393                           
  1394                           ;Config register CONFIG2 @ 0x8008
  1395                           ;	Flash Memory Self-Write Protection
  1396                           ;	WRT = OFF, Write protection off
  1397                           ;	Voltage Regulator Capacitor Enable
  1398                           ;	VCAPEN = OFF, All VCAP pin functionality is disabled
  1399                           ;	PLL Enable
  1400                           ;	PLLEN = ON, 4x PLL enabled
  1401                           ;	Stack Overflow/Underflow Reset Enable
  1402                           ;	STVREN = ON, Stack Overflow or Underflow will cause a Reset
  1403                           ;	Brown-out Reset Voltage Selection
  1404                           ;	BORV = LO, Brown-out Reset Voltage (Vbor), low trip point selected.
  1405                           ;	Low-Voltage Programming Enable
  1406                           ;	LVP = ON, Low-voltage programming enabled
  1407  8008                     	org	32776
  1408  8008  3FFF               	dw	16383

Data Sizes:
    Strings     0
    Constant    0
    Data        0
    BSS         0
    Persistent  32
    Stack       0

Auto Spaces:
    Space          Size  Autos    Used
    COMMON           14      0       0
    BANK0            80      0       0
    BANK1            80      0       0
    BANK2            80      0       0
    BANK3            80      0       0
    BANK4            80      0       0
    BANK5            80      0       0
    BANK6            16      0       0

Pointer List with Targets:

    None.

Critical Paths under _main in COMMON

    None.

Critical Paths under _main in BANK0

    None.

Critical Paths under _main in BANK1

    None.

Critical Paths under _main in BANK2

    None.

Critical Paths under _main in BANK3

    None.

Critical Paths under _main in BANK4

    None.

Critical Paths under _main in BANK5

    None.

Critical Paths under _main in BANK6

    None.

Call Graph Tables:

 ---------------------------------------------------------------------------------
 (Depth) Function   	        Calls       Base Space   Used Autos Params    Refs
 ---------------------------------------------------------------------------------
 (0) _main                                                 0     0      0       0
                  _SYSTEM_Initialize
 ---------------------------------------------------------------------------------
 (1) _SYSTEM_Initialize                                    0     0      0       0
              _OSCILLATOR_Initialize
             _PIN_MANAGER_Initialize
                     _WDT_Initialize
 ---------------------------------------------------------------------------------
 (2) _WDT_Initialize                                       0     0      0       0
 ---------------------------------------------------------------------------------
 (2) _PIN_MANAGER_Initialize                               0     0      0       0
 ---------------------------------------------------------------------------------
 (2) _OSCILLATOR_Initialize                                0     0      0       0
 ---------------------------------------------------------------------------------
 Estimated maximum stack depth 2
 ---------------------------------------------------------------------------------

 Call Graph Graphs:

 _main (ROOT)
   _SYSTEM_Initialize
     _OSCILLATOR_Initialize
     _PIN_MANAGER_Initialize
     _WDT_Initialize

 Address spaces:
Name               Size   Autos  Total    Cost      Usage
BIGRAM             1F0      0       0       0        0.0%
EEDATA             100      0       0       0        0.0%
NULL                 0      0       0       0        0.0%
CODE                 0      0       0       0        0.0%
BITCOMMON            E      0       0       1        0.0%
BITSFR0              0      0       0       1        0.0%
SFR0                 0      0       0       1        0.0%
COMMON               E      0       0       2        0.0%
BITSFR1              0      0       0       2        0.0%
SFR1                 0      0       0       2        0.0%
BITSFR2              0      0       0       3        0.0%
SFR2                 0      0       0       3        0.0%
STACK                0      0       0       3        0.0%
BITSFR3              0      0       0       4        0.0%
SFR3                 0      0       0       4        0.0%
ABS                  0      0       0       4        0.0%
BITBANK0            50      0       0       5        0.0%
BITSFR4              0      0       0       5        0.0%
SFR4                 0      0       0       5        0.0%
BANK0               50      0       0       6        0.0%
BITSFR5              0      0       0       6        0.0%
SFR5                 0      0       0       6        0.0%
BITBANK1            50      0       0       7        0.0%
BITSFR6              0      0       0       7        0.0%
SFR6                 0      0       0       7        0.0%
BANK1               50      0       0       8        0.0%
BITSFR7              0      0       0       8        0.0%
SFR7                 0      0       0       8        0.0%
BITBANK2            50      0       0       9        0.0%
BITSFR8              0      0       0       9        0.0%
SFR8                 0      0       0       9        0.0%
BANK2               50      0       0      10        0.0%
BITSFR9              0      0       0      10        0.0%
SFR9                 0      0       0      10        0.0%
BITBANK3            50      0       0      11        0.0%
BITSFR10             0      0       0      11        0.0%
SFR10                0      0       0      11        0.0%
BANK3               50      0       0      12        0.0%
BITSFR11             0      0       0      12        0.0%
SFR11                0      0       0      12        0.0%
BITBANK4            50      0       0      13        0.0%
BITSFR12             0      0       0      13        0.0%
SFR12                0      0       0      13        0.0%
BANK4               50      0       0      14        0.0%
BITSFR13             0      0       0      14        0.0%
SFR13                0      0       0      14        0.0%
BITBANK5            50      0       0      15        0.0%
BITSFR14             0      0       0      15        0.0%
SFR14                0      0       0      15        0.0%
BANK5               50      0       0      16        0.0%
BITSFR15             0      0       0      16        0.0%
SFR15                0      0       0      16        0.0%
BITBANK6            10      0       0      17        0.0%
BITSFR16             0      0       0      17        0.0%
SFR16                0      0       0      17        0.0%
BANK6               10      0       0      18        0.0%
BITSFR17             0      0       0      18        0.0%
SFR17                0      0       0      18        0.0%
BITSFR18             0      0       0      19        0.0%
SFR18                0      0       0      19        0.0%
DATA                 0      0       0      19        0.0%
BITSFR19             0      0       0      20        0.0%
SFR19                0      0       0      20        0.0%
BITSFR20             0      0       0      21        0.0%
SFR20                0      0       0      21        0.0%
BITSFR21             0      0       0      22        0.0%
SFR21                0      0       0      22        0.0%
BITSFR22             0      0       0      23        0.0%
SFR22                0      0       0      23        0.0%
BITSFR23             0      0       0      24        0.0%
SFR23                0      0       0      24        0.0%
BITSFR24             0      0       0      25        0.0%
SFR24                0      0       0      25        0.0%
BITSFR25             0      0       0      26        0.0%
SFR25                0      0       0      26        0.0%
BITSFR26             0      0       0      27        0.0%
SFR26                0      0       0      27        0.0%
BITSFR27             0      0       0      28        0.0%
SFR27                0      0       0      28        0.0%
BITSFR28             0      0       0      29        0.0%
SFR28                0      0       0      29        0.0%
BITSFR29             0      0       0      30        0.0%
SFR29                0      0       0      30        0.0%
BITSFR30             0      0       0      31        0.0%
SFR30                0      0       0      31        0.0%
BITSFR31             0      0       0      32        0.0%
SFR31                0      0       0      32        0.0%


Microchip Technology PIC Macro Assembler V2.35 build 20211206165544 
Symbol Table                                                                                   Fri Aug 18 09:48:29 2023

                            l61 07CE                              l70 07BB                              l39 07FC  
                            l64 07D5                              l67 07DA                              u10 07DA  
                            u11 07D9                             l730 07DB                             l740 07EA  
                           l732 07E1                             l750 07F5                             l742 07EC  
                           l734 07E4                             l760 07D2                             l752 07F7  
                           l744 07EF                             l736 07E6                             l762 07D3  
                           l754 07F8                             l746 07F1                             l738 07E8  
                           l770 07BF                             l756 07FA                             l748 07F3  
                           l764 07B8                             l772 07C1                             l758 07CF  
                           l766 07C5                             l768 07BC                            _LATA 010C  
                          _LATB 010D                            _LATC 010E                            _LATD 010F  
                          _LATE 0110                            _PLLR 04D6                            _WPUB 020D  
                          _WPUE 0210                            _main 07BC                            btemp 007E  
                          start 0002   __end_of_OSCILLATOR_Initialize 07DB                           ?_main 0000  
                         _TRISA 008C                           _TRISB 008D                           _TRISC 008E  
                         _TRISD 008F                           _TRISE 0090                  _WDT_Initialize 07B8  
                         wtemp0 007E                 __initialization 07FD                    __end_of_main 07C5  
                        ??_main 0000          __end_of_WDT_Initialize 07BC                          _APFCON 011D  
                        _ANSELA 018C                          _ANSELB 018D                          _ANSELD 018F  
                        _ANSELE 0190                          _BORCON 0116                          _OSCCON 0099  
                        _WDTCON 0097                 ?_WDT_Initialize 0000               _SYSTEM_Initialize 07C5  
       __end_of__initialization 07FD              ?_SYSTEM_Initialize 0000                  __pcstackCOMMON 0000  
           ??_SYSTEM_Initialize 0000                  _OPTION_REGbits 0095       __end_of_SYSTEM_Initialize 07CF  
                    __pmaintext 07BC                         _OSCTUNE 0098                         __ptext1 07C5  
                       __ptext2 07B8                         __ptext3 07DB                         __ptext4 07CF  
         _OSCILLATOR_Initialize 07CF        ??_PIN_MANAGER_Initialize 0000            end_of_initialization 07FD  
              ??_WDT_Initialize 0000          ?_OSCILLATOR_Initialize 0000             start_initialization 07FD  
                     ___latbits 0002          _PIN_MANAGER_Initialize 07DB                        _LATBbits 010D  
       ??_OSCILLATOR_Initialize 0000         ?_PIN_MANAGER_Initialize 0000  __end_of_PIN_MANAGER_Initialize 07FD  
